[24May2025 00:00:05.253] [Server thread/WARN] [net.minecraft.server.level.ServerPlayerGameMode/]: Mismatch in destroy block pos: BlockPos{x=422, y=-9, z=1139} BlockPos{x=422, y=-10, z=1139}
[24May2025 00:01:38.262] [Server thread/INFO] [net.minecraft.server.MinecraftServer/]: Darrouy has made the advancement [Ol' Betsy]
[24May2025 00:02:32.215] [Server thread/INFO] [net.minecraft.server.MinecraftServer/]: Mabilone has made the advancement [Ol' Betsy]
[24May2025 00:03:20.202] [Server thread/INFO] [net.minecraft.server.MinecraftServer/]: zErazer was blown up by Peeper
[24May2025 00:08:40.816] [Server thread/INFO] [net.minecraft.server.network.ServerGamePacketListenerImpl/]: Darrouy lost connection: Disconnected
[24May2025 00:08:40.816] [Server thread/INFO] [net.minecraft.server.MinecraftServer/]: Darrouy left the game
[24May2025 00:08:40.817] [Server thread/INFO] [xaero.pac.OpenPartiesAndClaims/]: Updating all forceload tickets for 416b83ff-3bc2-46cc-9923-6a0cf3635516
[24May2025 00:10:00.684] [User Authenticator #8/INFO] [net.minecraft.server.network.ServerLoginPacketListenerImpl/]: UUID of player Darrouy is 416b83ff-3bc2-46cc-9923-6a0cf3635516
[24May2025 00:10:04.436] [Server thread/INFO] [net.minecraft.server.players.PlayerList/]: Darrouy[/127.94.45.177:39395] logged in with entity id 84582 at (502.31433237153874, 74.0, 415.5247005571621)
[24May2025 00:10:04.463] [Server thread/INFO] [net.minecraft.server.MinecraftServer/]: Darrouy joined the game
[24May2025 00:10:04.574] [Server thread/INFO] [xaero.pac.OpenPartiesAndClaims/]: Updating all forceload tickets for 416b83ff-3bc2-46cc-9923-6a0cf3635516
[24May2025 00:10:04.580] [Server thread/INFO] [Jade/]: Syncing config to Darrouy (416b83ff-3bc2-46cc-9923-6a0cf3635516)
[24May2025 00:10:05.062] [Server thread/INFO] [org.betterx.worlds.together.util.Logger/]: [bclib] Received Hello from Client. (server=3.0.14, client=3.0.14)
[24May2025 00:10:05.062] [Server thread/INFO] [org.betterx.worlds.together.util.Logger/]: [bclib] Sending Hello to Client. (server=3.0.14)
[24May2025 00:10:05.062] [Server thread/INFO] [org.betterx.worlds.together.util.Logger/]: [bclib] 	- Listing Mod bclib v3.0.14 (size: 2.2 MiB, download=true)
[24May2025 00:10:05.063] [Server thread/INFO] [org.betterx.worlds.together.util.Logger/]: [bclib] 	- Offering Config bclib.CONFIG_betterend.entities
[24May2025 00:10:05.063] [Server thread/INFO] [org.betterx.worlds.together.util.Logger/]: [bclib] 	- Offering Config bclib.CONFIG_betterend.blocks
[24May2025 00:10:05.063] [Server thread/INFO] [org.betterx.worlds.together.util.Logger/]: [bclib] 	- Offering Config bclib.CONFIG_betterend.items
[24May2025 00:10:05.063] [Server thread/INFO] [org.betterx.worlds.together.util.Logger/]: [bclib] 	- Offering Config bclib.CONFIG_betterend.enchantments
[24May2025 00:10:05.063] [Server thread/INFO] [org.betterx.worlds.together.util.Logger/]: [bclib] 	- Offering Config bclib.CONFIG_bclib.generator
[24May2025 00:10:05.063] [Server thread/INFO] [org.betterx.worlds.together.util.Logger/]: [bclib] 	- Offering Config bclib.CONFIG_bclib.main
[24May2025 00:10:05.063] [Server thread/INFO] [org.betterx.worlds.together.util.Logger/]: [bclib] 	- Offering Config bclib.CONFIG_bclib.biomes
[24May2025 00:10:05.064] [Server thread/INFO] [org.betterx.worlds.together.util.Logger/]: [bclib] 	- Offering Folder /workspaces/ds/servidor_minecraft/bclib-sync (allowDelete=true)
[24May2025 00:11:51.261] [Server thread/WARN] [net.minecraft.server.level.ServerPlayerGameMode/]: Mismatch in destroy block pos: BlockPos{x=496, y=73, z=427} BlockPos{x=497, y=72, z=427}
[24May2025 00:13:27.515] [Server thread/WARN] [net.minecraft.server.level.ServerPlayerGameMode/]: Mismatch in destroy block pos: BlockPos{x=499, y=75, z=421} BlockPos{x=500, y=73, z=422}
[24May2025 00:13:27.569] [Server thread/WARN] [net.minecraft.server.level.ServerPlayerGameMode/]: Mismatch in destroy block pos: BlockPos{x=499, y=75, z=421} BlockPos{x=500, y=73, z=422}
[24May2025 00:13:27.612] [Server thread/WARN] [net.minecraft.server.level.ServerPlayerGameMode/]: Mismatch in destroy block pos: BlockPos{x=501, y=75, z=422} BlockPos{x=500, y=73, z=422}
[24May2025 00:24:52.962] [Server thread/WARN] [net.minecraft.world.entity.EntityType/]: Skipping Entity with id twilightforest:tiny_bird
[24May2025 00:24:54.872] [Server thread/WARN] [net.minecraft.world.entity.EntityType/]: Skipping Entity with id twilightforest:tiny_bird
[24May2025 00:24:55.996] [Server thread/WARN] [net.minecraft.world.entity.EntityType/]: Skipping Entity with id twilightforest:tiny_bird
[24May2025 00:28:51.122] [Server thread/WARN] [net.minecraft.world.entity.EntityType/]: Skipping Entity with id twilightforest:tiny_bird
[24May2025 00:28:52.459] [Server thread/WARN] [net.minecraft.world.entity.EntityType/]: Skipping Entity with id twilightforest:tiny_bird
[24May2025 00:28:53.185] [Server thread/WARN] [net.minecraft.world.entity.EntityType/]: Skipping Entity with id twilightforest:tiny_bird
[24May2025 00:31:26.576] [Server thread/WARN] [net.minecraft.world.entity.EntityType/]: Skipping Entity with id twilightforest:tiny_bird
[24May2025 00:31:27.682] [Server thread/WARN] [net.minecraft.world.entity.EntityType/]: Skipping Entity with id twilightforest:tiny_bird
[24May2025 00:31:27.979] [Server thread/WARN] [net.minecraft.world.entity.EntityType/]: Skipping Entity with id twilightforest:tiny_bird
[24May2025 00:33:31.971] [pool-7-thread-1/INFO] [Supplementaries/]: Searching for closest structure among [ResourceKey[minecraft:worldgen/structure / minecraft:village_taiga], ResourceKey[minecraft:worldgen/structure / minecraft:village_snowy], ResourceKey[minecraft:worldgen/structure / biomeswevegone:village/red_rock], ResourceKey[minecraft:worldgen/structure / minecraft:village_plains], ResourceKey[minecraft:worldgen/structure / idas:desert_market/desert_market_orange], ResourceKey[minecraft:worldgen/structure / idas:treetop_tavern], ResourceKey[minecraft:worldgen/structure / integrated_villages:oasis_village], ResourceKey[minecraft:worldgen/structure / integrated_villages:tavern_village]] from pos BlockPos{x=-485, y=71, z=-165}
